F:\READING METERIALS\PROJECT3\IGRAPHICS\LIBRARY\NEW FOLDER FOR CPP FILE\NEWPROJECT\NEWPROJECT\DEBUG\STDAFX.OBJ
F:\READING METERIALS\PROJECT3\IGRAPHICS\LIBRARY\NEW FOLDER FOR CPP FILE\NEWPROJECT\NEWPROJECT\DEBUG\NEWPROJECT.OBJ
F:\READING METERIALS\PROJECT3\IGRAPHICS\LIBRARY\NEW FOLDER FOR CPP FILE\NEWPROJECT\NEWPROJECT\DEBUG\VC110.PDB
F:\READING METERIALS\PROJECT3\IGRAPHICS\LIBRARY\NEW FOLDER FOR CPP FILE\NEWPROJECT\DEBUG\NEWPROJECT.ILK
F:\READING METERIALS\PROJECT3\IGRAPHICS\LIBRARY\NEW FOLDER FOR CPP FILE\NEWPROJECT\DEBUG\NEWPROJECT.EXE
F:\READING METERIALS\PROJECT3\IGRAPHICS\LIBRARY\NEW FOLDER FOR CPP FILE\NEWPROJECT\DEBUG\NEWPROJECT.PDB
F:\Reading Meterials\Project3\iGraphics\Library\New folder for cpp file\NewProject\NewProject\Debug\NewProject.obj
F:\Reading Meterials\Project3\iGraphics\Library\New folder for cpp file\NewProject\NewProject\Debug\stdafx.obj
F:\Reading Meterials\Project3\iGraphics\Library\New folder for cpp file\NewProject\NewProject\Debug\cl.command.1.tlog
F:\Reading Meterials\Project3\iGraphics\Library\New folder for cpp file\NewProject\NewProject\Debug\CL.read.1.tlog
F:\Reading Meterials\Project3\iGraphics\Library\New folder for cpp file\NewProject\NewProject\Debug\CL.write.1.tlog
F:\Reading Meterials\Project3\iGraphics\Library\New folder for cpp file\NewProject\NewProject\Debug\link-cvtres.read.1.tlog
F:\Reading Meterials\Project3\iGraphics\Library\New folder for cpp file\NewProject\NewProject\Debug\link-cvtres.write.1.tlog
F:\Reading Meterials\Project3\iGraphics\Library\New folder for cpp file\NewProject\NewProject\Debug\link-rc.read.1.tlog
F:\Reading Meterials\Project3\iGraphics\Library\New folder for cpp file\NewProject\NewProject\Debug\link-rc.write.1.tlog
F:\Reading Meterials\Project3\iGraphics\Library\New folder for cpp file\NewProject\NewProject\Debug\link.command.1.tlog
F:\Reading Meterials\Project3\iGraphics\Library\New folder for cpp file\NewProject\NewProject\Debug\link.read.1.tlog
F:\Reading Meterials\Project3\iGraphics\Library\New folder for cpp file\NewProject\NewProject\Debug\link.write.1.tlog
F:\Reading Meterials\Project3\iGraphics\Library\New folder for cpp file\NewProject\NewProject\Debug\vc110.idb
F:\Reading Meterials\Project3\iGraphics\Library\New folder for cpp file\NewProject\NewProject\Debug\vc110.pdb
F:\Reading Meterials\Project3\iGraphics\Library\New folder for cpp file\NewProject\Debug\NewProject.pdb
F:\Reading Meterials\Project3\iGraphics\Library\New folder for cpp file\NewProject\Debug\NewProject.exe
F:\Reading Meterials\Project3\iGraphics\Library\New folder for cpp file\NewProject\Debug\NewProject.ilk
