F:\READING METERIALS\PROJECT3\IGRAPHICS\LIBRARY\NEW FOLDER FOR CPP FILE\PROJECTCIRCUITSIMULATOR\PROJECTCIRCUITSIMULATOR\DEBUG\PROJECTCIRCUITSIMULATOR.OBJ
F:\READING METERIALS\PROJECT3\IGRAPHICS\LIBRARY\NEW FOLDER FOR CPP FILE\PROJECTCIRCUITSIMULATOR\PROJECTCIRCUITSIMULATOR\DEBUG\STDAFX.OBJ
F:\READING METERIALS\PROJECT3\IGRAPHICS\LIBRARY\NEW FOLDER FOR CPP FILE\PROJECTCIRCUITSIMULATOR\PROJECTCIRCUITSIMULATOR\DEBUG\VC110.PDB
F:\READING METERIALS\PROJECT3\IGRAPHICS\LIBRARY\NEW FOLDER FOR CPP FILE\PROJECTCIRCUITSIMULATOR\DEBUG\PROJECTCIRCUITSIMULATOR.ILK
F:\READING METERIALS\PROJECT3\IGRAPHICS\LIBRARY\NEW FOLDER FOR CPP FILE\PROJECTCIRCUITSIMULATOR\DEBUG\PROJECTCIRCUITSIMULATOR.EXE
F:\READING METERIALS\PROJECT3\IGRAPHICS\LIBRARY\NEW FOLDER FOR CPP FILE\PROJECTCIRCUITSIMULATOR\DEBUG\PROJECTCIRCUITSIMULATOR.PDB
F:\Reading Meterials\Project3\iGraphics\Library\New folder for cpp file\ProjectCircuitSimulator\ProjectCircuitSimulator\Debug\stdafx.obj
F:\Reading Meterials\Project3\iGraphics\Library\New folder for cpp file\ProjectCircuitSimulator\ProjectCircuitSimulator\Debug\cl.command.1.tlog
F:\Reading Meterials\Project3\iGraphics\Library\New folder for cpp file\ProjectCircuitSimulator\ProjectCircuitSimulator\Debug\CL.read.1.tlog
F:\Reading Meterials\Project3\iGraphics\Library\New folder for cpp file\ProjectCircuitSimulator\ProjectCircuitSimulator\Debug\CL.write.1.tlog
F:\Reading Meterials\Project3\iGraphics\Library\New folder for cpp file\ProjectCircuitSimulator\ProjectCircuitSimulator\Debug\link-cvtres.read.1.tlog
F:\Reading Meterials\Project3\iGraphics\Library\New folder for cpp file\ProjectCircuitSimulator\ProjectCircuitSimulator\Debug\link-cvtres.write.1.tlog
F:\Reading Meterials\Project3\iGraphics\Library\New folder for cpp file\ProjectCircuitSimulator\ProjectCircuitSimulator\Debug\link-rc.read.1.tlog
F:\Reading Meterials\Project3\iGraphics\Library\New folder for cpp file\ProjectCircuitSimulator\ProjectCircuitSimulator\Debug\link-rc.write.1.tlog
F:\Reading Meterials\Project3\iGraphics\Library\New folder for cpp file\ProjectCircuitSimulator\ProjectCircuitSimulator\Debug\link.command.1.tlog
F:\Reading Meterials\Project3\iGraphics\Library\New folder for cpp file\ProjectCircuitSimulator\ProjectCircuitSimulator\Debug\link.read.1.tlog
F:\Reading Meterials\Project3\iGraphics\Library\New folder for cpp file\ProjectCircuitSimulator\ProjectCircuitSimulator\Debug\link.write.1.tlog
F:\Reading Meterials\Project3\iGraphics\Library\New folder for cpp file\ProjectCircuitSimulator\ProjectCircuitSimulator\Debug\vc110.idb
F:\Reading Meterials\Project3\iGraphics\Library\New folder for cpp file\ProjectCircuitSimulator\ProjectCircuitSimulator\Debug\vc110.pdb
F:\Reading Meterials\Project3\iGraphics\Library\New folder for cpp file\ProjectCircuitSimulator\Debug\ProjectCircuitSimulator.pdb
F:\Reading Meterials\Project3\iGraphics\Library\New folder for cpp file\ProjectCircuitSimulator\Debug\ProjectCircuitSimulator.exe
F:\Reading Meterials\Project3\iGraphics\Library\New folder for cpp file\ProjectCircuitSimulator\Debug\ProjectCircuitSimulator.ilk
